[2023-05-03 18:44:07] serverPort env was not set, default is 9090.

[2023-05-03 18:44:07] set to listen on port: 9090

[2023-05-03 18:45:03] serverPort env was not set, default is 9090.

[2023-05-03 18:45:03] set to listen on port: 9090

[2023-05-03 18:45:31] serverPort env was not set, default is 9090.

[2023-05-03 18:45:31] set to listen on port: 9090

[2023-05-03 18:46:05] serverPort env was not set, default is 9090.

[2023-05-03 18:46:05] set to listen on port: 9090

[2023-05-03 18:46:37] serverPort env was not set, default is 9090.

[2023-05-03 18:46:37] set to listen on port: 9090

[2023-05-03 18:48:09] serverPort env was not set, default is 9090.

[2023-05-03 18:48:09] set to listen on port: 9090

[2023-05-03 18:50:08] serverPort env was not set, default is 9090.

[2023-05-03 18:50:08] set to listen on port: 9090

[2023-05-03 18:50:43] serverPort env was not set, default is 9090.

[2023-05-03 18:50:43] set to listen on port: 9090

[2023-05-03 18:56:05] serverPort env was not set, default is 9090.

[2023-05-03 18:56:05] set to listen on port: 9090

[2023-05-03 18:56:57] serverPort env was not set, default is 9090.

[2023-05-03 18:56:57] set to listen on port: 9090

[2023-05-03 18:58:27] serverPort env was not set, default is 9090.

[2023-05-03 18:58:27] set to listen on port: 9090

[2023-05-03 18:58:57] serverPort env was not set, default is 9090.

[2023-05-03 18:58:57] set to listen on port: 9090

[2023-05-03 19:00:47] serverPort env was not set, default is 9090.

[2023-05-03 19:00:47] set to listen on port: 9090

[2023-05-03 19:20:07] serverPort env was not set, default is 9090.

[2023-05-03 19:20:07] set to listen on port: 9090

[2023-05-03 19:20:30] serverPort env was not set, default is 9090.

[2023-05-03 19:20:30] set to listen on port: 9090

[2023-05-03 19:20:54] serverPort env was not set, default is 9090.

[2023-05-03 19:20:54] set to listen on port: 9090

[2023-05-03 19:24:00] serverPort env was not set, default is 9090.

[2023-05-03 19:24:00] set to listen on port: 9090

[2023-05-03 19:25:06] serverPort env was not set, default is 9090.

[2023-05-03 19:25:06] set to listen on port: 9090

[2023-05-03 19:28:06] serverPort env was not set, default is 9090.

[2023-05-03 19:28:06] set to listen on port: 9090

[2023-05-03 19:31:24] serverPort env was not set, default is 9090.

[2023-05-03 19:31:24] set to listen on port: 9090

[2023-05-03 19:33:31] serverPort env was not set, default is 9090.

[2023-05-03 19:33:31] set to listen on port: 9090

[2023-05-03 19:34:14] serverPort env was not set, default is 9090.

[2023-05-03 19:34:14] set to listen on port: 9090

[2023-05-03 21:19:16] serverPort env was not set, default is 9090.

[2023-05-03 21:19:16] set to listen on port: 9090

[2023-05-03 21:20:47] serverPort env was not set, default is 9090.

[2023-05-03 21:20:47] set to listen on port: 9090

[2023-05-03 21:21:34] serverPort env was not set, default is 9090.

[2023-05-03 21:21:34] set to listen on port: 9090

[2023-05-03 21:34:44] serverPort env was not set, default is 9090.

[2023-05-03 21:34:44] set to listen on port: 9090

[2023-05-03 21:35:31] serverPort env was not set, default is 9090.

[2023-05-03 21:35:31] set to listen on port: 9090

[2023-05-03 21:35:53] serverPort env was not set, default is 9090.

[2023-05-03 21:35:53] set to listen on port: 9090

[2023-05-03 21:38:26] serverPort env was not set, default is 9090.

[2023-05-03 21:38:26] set to listen on port: 9090

[2023-05-03 21:40:28] serverPort env was not set, default is 9090.

[2023-05-03 21:40:28] set to listen on port: 9090

[2023-05-03 21:43:15] serverPort env was not set, default is 9090.

[2023-05-03 21:43:15] set to listen on port: 9090

[2023-05-03 21:44:16] serverPort env was not set, default is 9090.

[2023-05-03 21:44:16] set to listen on port: 9090

[2023-05-03 21:45:09] serverPort env was not set, default is 9090.

[2023-05-03 21:45:09] set to listen on port: 9090

[2023-05-04 01:22:21] serverPort env was'nt set, default is 9090.

[2023-05-04 01:22:21] set to listen on port: 9090

[2023-05-04 01:23:48] serverPort env was'nt set, default is 9090.

[2023-05-04 01:23:48] set to listen on port: 9090

[2023-05-04 01:25:13] serverPort env was'nt set, default is 9090.

[2023-05-04 01:25:13] set to listen on port: 9090

[2023-05-04 01:29:06] serverPort env was'nt set, default is 9090.

[2023-05-04 01:29:06] set to listen on port: 9090

[2023-05-04 01:34:55] serverPort env was'nt set, default is 9090.

[2023-05-04 01:34:55] set to listen on port: 9090

[2023-05-04 01:36:21] serverPort env was'nt set, default is 9090.

[2023-05-04 01:36:21] set to listen on port: 9090

[2023-05-04 01:37:06] serverPort env was'nt set, default is 9090.

[2023-05-04 01:37:06] set to listen on port: 9099

[2023-05-04 02:54:38] serverPort env was'nt set, default is 9090.

[2023-05-04 02:54:38] set to listen on port: 9099

[2023-05-04 02:56:37] serverPort env was'nt set, default is 9090.

[2023-05-04 02:56:37] set to listen on port: 9099

[2023-05-07 20:29:10] mongoPort wasn't set, default is 27017

[2023-05-07 20:29:10] mongoHost wasn't set, default is localhost

[2023-05-07 20:29:20] err on db ping test

[2023-05-07 20:29:41] mongoPort wasn't set, default is 27017

[2023-05-07 20:29:41] mongoHost wasn't set, default is localhost

[2023-05-07 20:29:53] serverPort env wasn't set, default is 9090.

[2023-05-07 20:29:53] set to listen on port: 9099

[2023-05-07 20:30:15] Error during str conversion to int.

[2023-05-07 20:30:15] Horse named {Dangerous} does not exist

[2023-05-07 20:31:57] serverPort env wasn't set, default is 9090.

[2023-05-07 20:31:57] set to listen on port: 9099

[2023-05-07 20:32:01] Error during str conversion to int.

[2023-05-07 20:32:01] Horse named {Dangerous} does not exist

[2023-05-07 20:32:03] Error during str conversion to int.

[2023-05-07 20:32:03] Horse named {Dangerous} does not exist

[2023-05-07 20:32:04] Error during str conversion to int.

[2023-05-07 20:32:04] Horse named {Dangerous} does not exist

[2023-05-07 20:33:19] serverPort env wasn't set, default is 9090.

[2023-05-07 20:33:19] set to listen on port: 9099

[2023-05-07 20:33:21] Error conversion str {500} to int

[2023-05-07 20:33:21] Horse named {Dangerous} does not exist

[2023-05-07 20:33:32] Horse named {Dangerous} does not exist

[2023-05-07 20:33:37] Horse named {Dangerous} does not exist

[2023-05-07 20:34:03] Horse named {Dangerous} does not exist

[2023-05-07 20:34:50] Horse named "Dangerous" does not exist

[2023-05-07 20:34:57] Horse named "Dangerous" does not exist

[2023-05-07 20:35:01] Horse named "Dangerous" does not exist

[2023-05-07 20:35:01] Horse named "Dangerous" does not exist

[2023-05-07 20:35:07] serverPort env wasn't set, default is 9090.

[2023-05-07 20:35:07] set to listen on port: 9099

[2023-05-07 20:35:10] Horse named "Dangerous" does not exist

[2023-05-07 20:35:29] Horse named "Dangerous" does not exist

[2023-05-07 20:36:42] Horse named {Black Beauty} does not exist

[2023-05-07 20:40:19] serverPort env wasn't set, default is 9090.

[2023-05-07 20:40:19] set to listen on port: 9099

[2023-05-07 20:40:31] Horse named "Dangerous" does not exist

[2023-05-07 20:41:16] serverPort env wasn't set, default is 9090.

[2023-05-07 20:41:16] set to listen on port: 9099

[2023-05-07 20:41:19] serverPort env wasn't set, default is 9090.

[2023-05-07 20:41:19] set to listen on port: 9099

[2023-05-07 20:41:21] Horse named "Dangerous" does not exist

[2023-05-07 20:41:32] Horse named "Dangerous" does not exist

[2023-05-07 20:43:37] serverPort env wasn't set, default is 9090.

[2023-05-07 20:43:37] set to listen on port: 9099

[2023-05-07 20:43:39] Horse named {Dangerous} does not exist

[2023-05-07 20:46:08] serverPort env wasn't set, default is 9090.

[2023-05-07 20:46:08] set to listen on port: 9099

[2023-05-07 20:46:18] Horse named {Dangerous} does not exist

[2023-05-07 20:46:48] serverPort env wasn't set, default is 9090.

[2023-05-07 20:46:48] set to listen on port: 9099

[2023-05-07 20:46:50] Horse named {Dangerous} does not exist

[2023-05-07 20:47:40] Error conversion str :500 to int

[2023-05-07 20:47:40] Horse named :Dangerous does not exist

[2023-05-07 20:48:13] Horse named {Dangerou}s does not exist

